<?xml version="1.0" encoding="utf-8"?><testsuites name="pytest tests"><testsuite name="pytest" errors="0" failures="0" skipped="0" tests="15" time="5.573" timestamp="2026-06-28T07:58:22.523241+00:00" hostname="agent-env-7d51c7ab-3e25-4d2a-a177-c64667a48fe2"><testcase classname="tests.test_blog" name="test_admin_login" time="1.844" /><testcase classname="tests.test_blog" name="test_register_new_user" time="0.669" /><testcase classname="tests.test_blog" name="test_login_testuser" time="0.412" /><testcase classname="tests.test_blog" name="test_me_endpoint" time="0.445" /><testcase classname="tests.test_blog" name="test_invalid_login" time="0.369" /><testcase classname="tests.test_blog" name="test_list_posts" time="0.104" /><testcase classname="tests.test_blog" name="test_get_post_detail" time="0.116" /><testcase classname="tests.test_blog" name="test_create_post" time="0.099" /><testcase classname="tests.test_blog" name="test_create_and_update_post" time="0.348" /><testcase classname="tests.test_blog" name="test_list_categories" time="0.086" /><testcase classname="tests.test_blog" name="test_list_tags" time="0.082" /><testcase classname="tests.test_blog" name="test_create_and_delete_comment" time="0.204" /><testcase classname="tests.test_blog" name="test_admin_users_list" time="0.092" /><testcase classname="tests.test_blog" name="test_search_posts" time="0.101" /><testcase classname="tests.test_blog" name="test_my_posts" time="0.105" /></testsuite></testsuites>