<?xml version="1.0" encoding="utf-8"?><testsuites name="pytest tests"><testsuite name="pytest" errors="0" failures="0" skipped="0" tests="15" time="4.595" timestamp="2026-06-28T08:53:38.545722+00:00" hostname="agent-env-7d51c7ab-3e25-4d2a-a177-c64667a48fe2"><testcase classname="tests.test_blog" name="test_admin_login" time="1.761" /><testcase classname="tests.test_blog" name="test_register_new_user" time="0.121" /><testcase classname="tests.test_blog" name="test_login_testuser" time="0.391" /><testcase classname="tests.test_blog" name="test_me_endpoint" time="0.425" /><testcase classname="tests.test_blog" name="test_invalid_login" time="0.359" /><testcase classname="tests.test_blog" name="test_list_posts" time="0.097" /><testcase classname="tests.test_blog" name="test_get_post_detail" time="0.133" /><testcase classname="tests.test_blog" name="test_create_post" time="0.057" /><testcase classname="tests.test_blog" name="test_create_and_update_post" time="0.236" /><testcase classname="tests.test_blog" name="test_list_categories" time="0.091" /><testcase classname="tests.test_blog" name="test_list_tags" time="0.082" /><testcase classname="tests.test_blog" name="test_create_and_delete_comment" time="0.104" /><testcase classname="tests.test_blog" name="test_admin_users_list" time="0.089" /><testcase classname="tests.test_blog" name="test_search_posts" time="0.093" /><testcase classname="tests.test_blog" name="test_my_posts" time="0.064" /></testsuite></testsuites>